<?xml version="1.0" encoding="UTF-8"?>
<testng-results skipped="0" failed="0" ignored="0" total="1" passed="1">
  <reporter-output>
  </reporter-output>
  <suite name="Default suite" duration-ms="113895" started-at="2020-09-12T00:59:37 ICT" finished-at="2020-09-12T01:01:31 ICT">
    <groups>
    </groups>
    <test name="Default test" duration-ms="113895" started-at="2020-09-12T00:59:37 ICT" finished-at="2020-09-12T01:01:31 ICT">
      <class name="NailApp.LogoutSuccessfully">
        <test-method status="PASS" signature="reportSetup()[pri:0, instance:NailApp.LogoutSuccessfully@11c20519]" name="reportSetup" is-config="true" duration-ms="250" started-at="2020-09-12T00:59:36 ICT" finished-at="2020-09-12T00:59:37 ICT">
          <reporter-output>
          </reporter-output>
        </test-method> <!-- reportSetup -->
        <test-method status="PASS" signature="setup()[pri:0, instance:NailApp.LogoutSuccessfully@11c20519]" name="setup" is-config="true" duration-ms="37147" started-at="2020-09-12T00:59:37 ICT" finished-at="2020-09-12T01:00:14 ICT">
          <reporter-output>
          </reporter-output>
        </test-method> <!-- setup -->
        <test-method status="PASS" signature="TestLogoutSuccessfully()[pri:0, instance:NailApp.LogoutSuccessfully@11c20519]" name="TestLogoutSuccessfully" duration-ms="76508" started-at="2020-09-12T01:00:14 ICT" finished-at="2020-09-12T01:01:31 ICT">
          <reporter-output>
          </reporter-output>
        </test-method> <!-- TestLogoutSuccessfully -->
        <test-method status="PASS" signature="reportTeardowm()[pri:0, instance:NailApp.LogoutSuccessfully@11c20519]" name="reportTeardowm" is-config="true" duration-ms="657" started-at="2020-09-12T01:01:31 ICT" finished-at="2020-09-12T01:01:31 ICT">
          <reporter-output>
          </reporter-output>
        </test-method> <!-- reportTeardowm -->
      </class> <!-- NailApp.LogoutSuccessfully -->
    </test> <!-- Default test -->
  </suite> <!-- Default suite -->
</testng-results>
