<?xml version="1.0" encoding="UTF-8"?>
<testng-results skipped="0" failed="1" ignored="0" total="1" passed="0">
  <reporter-output>
  </reporter-output>
  <suite name="Default suite" duration-ms="57626" started-at="2020-09-12T00:07:28 ICT" finished-at="2020-09-12T00:08:26 ICT">
    <groups>
    </groups>
    <test name="Default test" duration-ms="57626" started-at="2020-09-12T00:07:28 ICT" finished-at="2020-09-12T00:08:26 ICT">
      <class name="NailApp.RegisterSuccessfully">
        <test-method status="PASS" signature="reportSetup()[pri:0, instance:NailApp.RegisterSuccessfully@701fc37a]" name="reportSetup" is-config="true" duration-ms="182" started-at="2020-09-12T00:07:28 ICT" finished-at="2020-09-12T00:07:28 ICT">
          <reporter-output>
          </reporter-output>
        </test-method> <!-- reportSetup -->
        <test-method status="PASS" signature="setup()[pri:0, instance:NailApp.RegisterSuccessfully@701fc37a]" name="setup" is-config="true" duration-ms="23238" started-at="2020-09-12T00:07:28 ICT" finished-at="2020-09-12T00:07:52 ICT">
          <reporter-output>
          </reporter-output>
        </test-method> <!-- setup -->
        <test-method status="FAIL" signature="registerNewAccountSuccessfully()[pri:0, instance:NailApp.RegisterSuccessfully@701fc37a]" name="registerNewAccountSuccessfully" duration-ms="30490" started-at="2020-09-12T00:07:52 ICT" finished-at="2020-09-12T00:08:22 ICT">
          <exception class="org.openqa.selenium.NoSuchElementException">
            <message>
              <![CDATA[An element could not be located on the page using the given search parameters. (WARNING: The server did not provide any stacktrace information)
Command duration or timeout: 30.36 seconds
For documentation on this error, please visit: http://seleniumhq.org/exceptions/no_such_element.html
Build info: version: '2.46.0', revision: '61506a4624b13675f24581e453592342b7485d71', time: '2015-06-04 10:22:50'
System info: host: 'PNVD113', ip: '192.168.37.1', os.name: 'Windows 10', os.arch: 'amd64', os.version: '10.0', java.version: '1.8.0_261'
Driver info: io.appium.java_client.android.AndroidDriver
Capabilities [{app=C:\Users\Administrator\AppData\Local\Android\Sdk\platform-tools\app-release1.apk, appPackage=com.nail, deviceScreenSize=1440x2560, networkConnectionEnabled=true, warnings={}, appWaitActivity=SplashActivity, SplashActivity,OtherActivity, *, *.SplashActivity, appWaitPackage=com.nail, databaseEnabled=false, deviceName=emulator-5554, version=7.1.1, platform=LINUX, deviceUDID=emulator-5554, appActivity=com.nail.MainActivity, desired={app=C:\Users\Administrator\AppData\Local\Android\Sdk\platform-tools\app-release1.apk, appWaitActivity=SplashActivity, SplashActivity,OtherActivity, *, *.SplashActivity, platformName=Android, deviceName=Pixel XL API 25, version=7.1.1}, platformVersion=7.1.1, webStorageEnabled=false, locationContextEnabled=false, takesScreenshot=true, javascriptEnabled=true, deviceModel=Android SDK built for x86, platformName=Android, deviceManufacturer=Google}]
Session ID: 19aff63c-85fb-496f-ae19-45af86f0c3db
*** Element info: {Using=xpath, value=//*[contains(@text,'Đăng kí')]}]]>
            </message>
            <full-stacktrace>
              <![CDATA[org.openqa.selenium.NoSuchElementException: An element could not be located on the page using the given search parameters. (WARNING: The server did not provide any stacktrace information)
Command duration or timeout: 30.36 seconds
For documentation on this error, please visit: http://seleniumhq.org/exceptions/no_such_element.html
Build info: version: '2.46.0', revision: '61506a4624b13675f24581e453592342b7485d71', time: '2015-06-04 10:22:50'
System info: host: 'PNVD113', ip: '192.168.37.1', os.name: 'Windows 10', os.arch: 'amd64', os.version: '10.0', java.version: '1.8.0_261'
Driver info: io.appium.java_client.android.AndroidDriver
Capabilities [{app=C:\Users\Administrator\AppData\Local\Android\Sdk\platform-tools\app-release1.apk, appPackage=com.nail, deviceScreenSize=1440x2560, networkConnectionEnabled=true, warnings={}, appWaitActivity=SplashActivity, SplashActivity,OtherActivity, *, *.SplashActivity, appWaitPackage=com.nail, databaseEnabled=false, deviceName=emulator-5554, version=7.1.1, platform=LINUX, deviceUDID=emulator-5554, appActivity=com.nail.MainActivity, desired={app=C:\Users\Administrator\AppData\Local\Android\Sdk\platform-tools\app-release1.apk, appWaitActivity=SplashActivity, SplashActivity,OtherActivity, *, *.SplashActivity, platformName=Android, deviceName=Pixel XL API 25, version=7.1.1}, platformVersion=7.1.1, webStorageEnabled=false, locationContextEnabled=false, takesScreenshot=true, javascriptEnabled=true, deviceModel=Android SDK built for x86, platformName=Android, deviceManufacturer=Google}]
Session ID: 19aff63c-85fb-496f-ae19-45af86f0c3db
*** Element info: {Using=xpath, value=//*[contains(@text,'Đăng kí')]}
at sun.reflect.NativeConstructorAccessorImpl.newInstance0(Native Method)
at sun.reflect.NativeConstructorAccessorImpl.newInstance(Unknown Source)
at sun.reflect.DelegatingConstructorAccessorImpl.newInstance(Unknown Source)
at java.lang.reflect.Constructor.newInstance(Unknown Source)
at org.openqa.selenium.remote.ErrorHandler.createThrowable(ErrorHandler.java:204)
at org.openqa.selenium.remote.ErrorHandler.throwIfResponseFailed(ErrorHandler.java:156)
at org.openqa.selenium.remote.RemoteWebDriver.execute(RemoteWebDriver.java:605)
at io.appium.java_client.DefaultGenericMobileDriver.execute(DefaultGenericMobileDriver.java:27)
at io.appium.java_client.AppiumDriver.execute(AppiumDriver.java:1)
at io.appium.java_client.android.AndroidDriver.execute(AndroidDriver.java:1)
at org.openqa.selenium.remote.RemoteWebDriver.findElement(RemoteWebDriver.java:358)
at org.openqa.selenium.remote.RemoteWebDriver.findElementByXPath(RemoteWebDriver.java:455)
at io.appium.java_client.DefaultGenericMobileDriver.findElementByXPath(DefaultGenericMobileDriver.java:99)
at io.appium.java_client.AppiumDriver.findElementByXPath(AppiumDriver.java:1)
at io.appium.java_client.android.AndroidDriver.findElementByXPath(AndroidDriver.java:1)
at org.openqa.selenium.By$ByXPath.findElement(By.java:358)
at org.openqa.selenium.remote.RemoteWebDriver.findElement(RemoteWebDriver.java:350)
at io.appium.java_client.DefaultGenericMobileDriver.findElement(DefaultGenericMobileDriver.java:37)
at io.appium.java_client.AppiumDriver.findElement(AppiumDriver.java:1)
at io.appium.java_client.android.AndroidDriver.findElement(AndroidDriver.java:1)
at NailApp.RegisterSuccessfully.registerNewAccountSuccessfully(RegisterSuccessfully.java:80)
at sun.reflect.NativeMethodAccessorImpl.invoke0(Native Method)
at sun.reflect.NativeMethodAccessorImpl.invoke(Unknown Source)
at sun.reflect.DelegatingMethodAccessorImpl.invoke(Unknown Source)
at java.lang.reflect.Method.invoke(Unknown Source)
at org.testng.internal.MethodInvocationHelper.invokeMethod(MethodInvocationHelper.java:132)
at org.testng.internal.TestInvoker.invokeMethod(TestInvoker.java:599)
at org.testng.internal.TestInvoker.invokeTestMethod(TestInvoker.java:174)
at org.testng.internal.MethodRunner.runInSequence(MethodRunner.java:46)
at org.testng.internal.TestInvoker$MethodInvocationAgent.invoke(TestInvoker.java:822)
at org.testng.internal.TestInvoker.invokeTestMethods(TestInvoker.java:147)
at org.testng.internal.TestMethodWorker.invokeTestMethods(TestMethodWorker.java:146)
at org.testng.internal.TestMethodWorker.run(TestMethodWorker.java:128)
at java.util.ArrayList.forEach(Unknown Source)
at org.testng.TestRunner.privateRun(TestRunner.java:764)
at org.testng.TestRunner.run(TestRunner.java:585)
at org.testng.SuiteRunner.runTest(SuiteRunner.java:384)
at org.testng.SuiteRunner.runSequentially(SuiteRunner.java:378)
at org.testng.SuiteRunner.privateRun(SuiteRunner.java:337)
at org.testng.SuiteRunner.run(SuiteRunner.java:286)
at org.testng.SuiteRunnerWorker.runSuite(SuiteRunnerWorker.java:53)
at org.testng.SuiteRunnerWorker.run(SuiteRunnerWorker.java:96)
at org.testng.TestNG.runSuitesSequentially(TestNG.java:1218)
at org.testng.TestNG.runSuitesLocally(TestNG.java:1140)
at org.testng.TestNG.runSuites(TestNG.java:1069)
at org.testng.TestNG.run(TestNG.java:1037)
at org.testng.remote.AbstractRemoteTestNG.run(AbstractRemoteTestNG.java:115)
at org.testng.remote.RemoteTestNG.initAndRun(RemoteTestNG.java:251)
at org.testng.remote.RemoteTestNG.main(RemoteTestNG.java:77)
]]>
            </full-stacktrace>
          </exception> <!-- org.openqa.selenium.NoSuchElementException -->
          <reporter-output>
          </reporter-output>
        </test-method> <!-- registerNewAccountSuccessfully -->
        <test-method status="PASS" signature="tearDown()[pri:0, instance:NailApp.RegisterSuccessfully@701fc37a]" name="tearDown" is-config="true" duration-ms="3767" started-at="2020-09-12T00:08:22 ICT" finished-at="2020-09-12T00:08:26 ICT">
          <reporter-output>
          </reporter-output>
        </test-method> <!-- tearDown -->
        <test-method status="PASS" signature="reportTeardowm()[pri:0, instance:NailApp.RegisterSuccessfully@701fc37a]" name="reportTeardowm" is-config="true" duration-ms="623" started-at="2020-09-12T00:08:26 ICT" finished-at="2020-09-12T00:08:27 ICT">
          <reporter-output>
          </reporter-output>
        </test-method> <!-- reportTeardowm -->
      </class> <!-- NailApp.RegisterSuccessfully -->
    </test> <!-- Default test -->
  </suite> <!-- Default suite -->
</testng-results>
